2026-07-16 16:59:33,628 [Worker-5: Loading available Gradle versions] INFO  o.e.b.c.i.u.g.PublishedGradleVersions - Gradle version information cache is not available. Remote download required.
2026-07-16 17:41:16,358 [Worker-26: Import Getting Started Content] INFO  o.e.m.c.i.e.AbstractTransferListenerAdapter - Downloading https://repo.spring.io/snapshot/org/springframework/boot/spring-boot-starter-parent/4.0.8-SNAPSHOT/maven-metadata.xml
2026-07-16 17:41:16,378 [Worker-26: Import Getting Started Content] INFO  o.e.m.c.i.e.AbstractTransferListenerAdapter - Downloaded https://repo.spring.io/snapshot/org/springframework/boot/spring-boot-starter-parent/4.0.8-SNAPSHOT/maven-metadata.xml
2026-07-16 17:41:16,621 [Worker-26: Import Getting Started Content] INFO  o.e.m.c.i.e.AbstractTransferListenerAdapter - Downloading https://repo.spring.io/snapshot/org/springframework/boot/spring-boot-starter-parent/4.0.8-SNAPSHOT/spring-boot-starter-parent-4.0.8-20260716.091733-41.pom
2026-07-16 17:41:16,844 [Worker-26: Import Getting Started Content] INFO  o.e.m.c.i.e.AbstractTransferListenerAdapter - Downloaded https://repo.spring.io/snapshot/org/springframework/boot/spring-boot-starter-parent/4.0.8-SNAPSHOT/spring-boot-starter-parent-4.0.8-20260716.091733-41.pom
2026-07-16 17:41:17,111 [Worker-26: Import Getting Started Content] INFO  o.e.m.c.i.e.AbstractTransferListenerAdapter - Downloading https://repo.spring.io/snapshot/org/springframework/boot/spring-boot-dependencies/4.0.8-SNAPSHOT/maven-metadata.xml
2026-07-16 17:41:17,116 [Worker-26: Import Getting Started Content] INFO  o.e.m.c.i.e.AbstractTransferListenerAdapter - Downloaded https://repo.spring.io/snapshot/org/springframework/boot/spring-boot-dependencies/4.0.8-SNAPSHOT/maven-metadata.xml
2026-07-16 17:41:17,351 [Worker-26: Import Getting Started Content] INFO  o.e.m.c.i.e.AbstractTransferListenerAdapter - Downloading https://repo.spring.io/snapshot/org/springframework/boot/spring-boot-dependencies/4.0.8-SNAPSHOT/spring-boot-dependencies-4.0.8-20260716.091733-41.pom
2026-07-16 17:41:17,803 [Worker-26: Import Getting Started Content] INFO  o.e.m.c.i.e.AbstractTransferListenerAdapter - Downloaded https://repo.spring.io/snapshot/org/springframework/boot/spring-boot-dependencies/4.0.8-SNAPSHOT/spring-boot-dependencies-4.0.8-20260716.091733-41.pom
2026-07-16 17:41:18,880 [Worker-26: Import Getting Started Content] INFO  o.e.m.c.i.e.AbstractTransferListenerAdapter - Downloading https://repo.spring.io/snapshot/org/springframework/boot/spring-boot-maven-plugin/4.0.8-SNAPSHOT/maven-metadata.xml
2026-07-16 17:41:18,883 [Worker-26: Import Getting Started Content] INFO  o.e.m.c.i.e.AbstractTransferListenerAdapter - Downloaded https://repo.spring.io/snapshot/org/springframework/boot/spring-boot-maven-plugin/4.0.8-SNAPSHOT/maven-metadata.xml
2026-07-16 17:41:19,126 [Worker-26: Import Getting Started Content] INFO  o.e.m.c.i.e.AbstractTransferListenerAdapter - Downloading https://repo.spring.io/snapshot/org/springframework/boot/spring-boot-maven-plugin/4.0.8-SNAPSHOT/spring-boot-maven-plugin-4.0.8-20260716.091733-41.pom
2026-07-16 17:41:19,133 [Worker-26: Import Getting Started Content] INFO  o.e.m.c.i.e.AbstractTransferListenerAdapter - Downloaded https://repo.spring.io/snapshot/org/springframework/boot/spring-boot-maven-plugin/4.0.8-SNAPSHOT/spring-boot-maven-plugin-4.0.8-20260716.091733-41.pom
2026-07-16 17:41:19,380 [Worker-26: Import Getting Started Content] INFO  o.e.m.c.i.e.AbstractTransferListenerAdapter - Downloading https://repo.spring.io/snapshot/org/springframework/boot/spring-boot-maven-plugin/4.0.8-SNAPSHOT/spring-boot-maven-plugin-4.0.8-20260716.091733-41.jar
2026-07-16 17:41:19,831 [Worker-26: Import Getting Started Content] INFO  o.e.m.c.i.e.AbstractTransferListenerAdapter - Downloaded https://repo.spring.io/snapshot/org/springframework/boot/spring-boot-maven-plugin/4.0.8-SNAPSHOT/spring-boot-maven-plugin-4.0.8-20260716.091733-41.jar
2026-07-16 17:41:20,337 [Worker-26: Import Getting Started Content] INFO  o.e.m.c.i.l.LifecycleMappingFactory - Using org.eclipse.m2e.jdt.JarLifecycleMapping lifecycle mapping for MavenProject: com.kodnest:Student_Details:0.0.1-SNAPSHOT @ C:\Users\sarve\Downloads\Demo\Student_Details\pom.xml.
2026-07-16 17:41:20,589 [Worker-26: Import Getting Started Content] INFO  o.e.m.c.i.e.AbstractTransferListenerAdapter - Downloading https://repo.spring.io/snapshot/org/springframework/boot/spring-boot-starter-thymeleaf/4.0.8-SNAPSHOT/maven-metadata.xml
2026-07-16 17:41:20,595 [Worker-26: Import Getting Started Content] INFO  o.e.m.c.i.e.AbstractTransferListenerAdapter - Downloaded https://repo.spring.io/snapshot/org/springframework/boot/spring-boot-starter-thymeleaf/4.0.8-SNAPSHOT/maven-metadata.xml
2026-07-16 17:41:20,833 [Worker-26: Import Getting Started Content] INFO  o.e.m.c.i.e.AbstractTransferListenerAdapter - Downloading https://repo.spring.io/snapshot/org/springframework/boot/spring-boot-starter-thymeleaf/4.0.8-SNAPSHOT/spring-boot-starter-thymeleaf-4.0.8-20260716.091733-41.pom
2026-07-16 17:41:20,836 [Worker-26: Import Getting Started Content] INFO  o.e.m.c.i.e.AbstractTransferListenerAdapter - Downloaded https://repo.spring.io/snapshot/org/springframework/boot/spring-boot-starter-thymeleaf/4.0.8-SNAPSHOT/spring-boot-starter-thymeleaf-4.0.8-20260716.091733-41.pom
2026-07-16 17:41:21,084 [Worker-26: Import Getting Started Content] INFO  o.e.m.c.i.e.AbstractTransferListenerAdapter - Downloading https://repo.spring.io/snapshot/org/springframework/boot/spring-boot-starter/4.0.8-SNAPSHOT/maven-metadata.xml
2026-07-16 17:41:21,087 [Worker-26: Import Getting Started Content] INFO  o.e.m.c.i.e.AbstractTransferListenerAdapter - Downloaded https://repo.spring.io/snapshot/org/springframework/boot/spring-boot-starter/4.0.8-SNAPSHOT/maven-metadata.xml
2026-07-16 17:41:21,323 [Worker-26: Import Getting Started Content] INFO  o.e.m.c.i.e.AbstractTransferListenerAdapter - Downloading https://repo.spring.io/snapshot/org/springframework/boot/spring-boot-starter/4.0.8-SNAPSHOT/spring-boot-starter-4.0.8-20260716.091733-41.pom
2026-07-16 17:41:21,327 [Worker-26: Import Getting Started Content] INFO  o.e.m.c.i.e.AbstractTransferListenerAdapter - Downloaded https://repo.spring.io/snapshot/org/springframework/boot/spring-boot-starter/4.0.8-SNAPSHOT/spring-boot-starter-4.0.8-20260716.091733-41.pom
2026-07-16 17:41:21,575 [Worker-26: Import Getting Started Content] INFO  o.e.m.c.i.e.AbstractTransferListenerAdapter - Downloading https://repo.spring.io/snapshot/org/springframework/boot/spring-boot-starter-logging/4.0.8-SNAPSHOT/maven-metadata.xml
2026-07-16 17:41:21,578 [Worker-26: Import Getting Started Content] INFO  o.e.m.c.i.e.AbstractTransferListenerAdapter - Downloaded https://repo.spring.io/snapshot/org/springframework/boot/spring-boot-starter-logging/4.0.8-SNAPSHOT/maven-metadata.xml
2026-07-16 17:41:21,815 [Worker-26: Import Getting Started Content] INFO  o.e.m.c.i.e.AbstractTransferListenerAdapter - Downloading https://repo.spring.io/snapshot/org/springframework/boot/spring-boot-starter-logging/4.0.8-SNAPSHOT/spring-boot-starter-logging-4.0.8-20260716.091733-41.pom
2026-07-16 17:41:21,818 [Worker-26: Import Getting Started Content] INFO  o.e.m.c.i.e.AbstractTransferListenerAdapter - Downloaded https://repo.spring.io/snapshot/org/springframework/boot/spring-boot-starter-logging/4.0.8-SNAPSHOT/spring-boot-starter-logging-4.0.8-20260716.091733-41.pom
2026-07-16 17:41:22,137 [Worker-26: Import Getting Started Content] INFO  o.e.m.c.i.e.AbstractTransferListenerAdapter - Downloading https://repo.spring.io/snapshot/org/springframework/boot/spring-boot-autoconfigure/4.0.8-SNAPSHOT/maven-metadata.xml
2026-07-16 17:41:22,141 [Worker-26: Import Getting Started Content] INFO  o.e.m.c.i.e.AbstractTransferListenerAdapter - Downloaded https://repo.spring.io/snapshot/org/springframework/boot/spring-boot-autoconfigure/4.0.8-SNAPSHOT/maven-metadata.xml
2026-07-16 17:41:22,379 [Worker-26: Import Getting Started Content] INFO  o.e.m.c.i.e.AbstractTransferListenerAdapter - Downloading https://repo.spring.io/snapshot/org/springframework/boot/spring-boot-autoconfigure/4.0.8-SNAPSHOT/spring-boot-autoconfigure-4.0.8-20260716.091733-41.pom
2026-07-16 17:41:22,385 [Worker-26: Import Getting Started Content] INFO  o.e.m.c.i.e.AbstractTransferListenerAdapter - Downloaded https://repo.spring.io/snapshot/org/springframework/boot/spring-boot-autoconfigure/4.0.8-SNAPSHOT/spring-boot-autoconfigure-4.0.8-20260716.091733-41.pom
2026-07-16 17:41:22,630 [Worker-26: Import Getting Started Content] INFO  o.e.m.c.i.e.AbstractTransferListenerAdapter - Downloading https://repo.spring.io/snapshot/org/springframework/boot/spring-boot/4.0.8-SNAPSHOT/maven-metadata.xml
2026-07-16 17:41:22,636 [Worker-26: Import Getting Started Content] INFO  o.e.m.c.i.e.AbstractTransferListenerAdapter - Downloaded https://repo.spring.io/snapshot/org/springframework/boot/spring-boot/4.0.8-SNAPSHOT/maven-metadata.xml
2026-07-16 17:41:22,873 [Worker-26: Import Getting Started Content] INFO  o.e.m.c.i.e.AbstractTransferListenerAdapter - Downloading https://repo.spring.io/snapshot/org/springframework/boot/spring-boot/4.0.8-SNAPSHOT/spring-boot-4.0.8-20260716.091733-41.pom
2026-07-16 17:41:22,877 [Worker-26: Import Getting Started Content] INFO  o.e.m.c.i.e.AbstractTransferListenerAdapter - Downloaded https://repo.spring.io/snapshot/org/springframework/boot/spring-boot/4.0.8-SNAPSHOT/spring-boot-4.0.8-20260716.091733-41.pom
2026-07-16 17:41:23,171 [Worker-26: Import Getting Started Content] INFO  o.e.m.c.i.e.AbstractTransferListenerAdapter - Downloading https://repo.spring.io/snapshot/org/springframework/boot/spring-boot-thymeleaf/4.0.8-SNAPSHOT/maven-metadata.xml
2026-07-16 17:41:23,175 [Worker-26: Import Getting Started Content] INFO  o.e.m.c.i.e.AbstractTransferListenerAdapter - Downloaded https://repo.spring.io/snapshot/org/springframework/boot/spring-boot-thymeleaf/4.0.8-SNAPSHOT/maven-metadata.xml
2026-07-16 17:41:23,414 [Worker-26: Import Getting Started Content] INFO  o.e.m.c.i.e.AbstractTransferListenerAdapter - Downloading https://repo.spring.io/snapshot/org/springframework/boot/spring-boot-thymeleaf/4.0.8-SNAPSHOT/spring-boot-thymeleaf-4.0.8-20260716.091733-41.pom
2026-07-16 17:41:23,419 [Worker-26: Import Getting Started Content] INFO  o.e.m.c.i.e.AbstractTransferListenerAdapter - Downloaded https://repo.spring.io/snapshot/org/springframework/boot/spring-boot-thymeleaf/4.0.8-SNAPSHOT/spring-boot-thymeleaf-4.0.8-20260716.091733-41.pom
2026-07-16 17:41:23,717 [Worker-26: Import Getting Started Content] INFO  o.e.m.c.i.e.AbstractTransferListenerAdapter - Downloading https://repo.spring.io/snapshot/org/springframework/boot/spring-boot-starter-webmvc/4.0.8-SNAPSHOT/maven-metadata.xml
2026-07-16 17:41:23,721 [Worker-26: Import Getting Started Content] INFO  o.e.m.c.i.e.AbstractTransferListenerAdapter - Downloaded https://repo.spring.io/snapshot/org/springframework/boot/spring-boot-starter-webmvc/4.0.8-SNAPSHOT/maven-metadata.xml
2026-07-16 17:41:23,965 [Worker-26: Import Getting Started Content] INFO  o.e.m.c.i.e.AbstractTransferListenerAdapter - Downloading https://repo.spring.io/snapshot/org/springframework/boot/spring-boot-starter-webmvc/4.0.8-SNAPSHOT/spring-boot-starter-webmvc-4.0.8-20260716.091733-41.pom
2026-07-16 17:41:23,969 [Worker-26: Import Getting Started Content] INFO  o.e.m.c.i.e.AbstractTransferListenerAdapter - Downloaded https://repo.spring.io/snapshot/org/springframework/boot/spring-boot-starter-webmvc/4.0.8-SNAPSHOT/spring-boot-starter-webmvc-4.0.8-20260716.091733-41.pom
2026-07-16 17:41:24,206 [Worker-26: Import Getting Started Content] INFO  o.e.m.c.i.e.AbstractTransferListenerAdapter - Downloading https://repo.spring.io/snapshot/org/springframework/boot/spring-boot-starter-jackson/4.0.8-SNAPSHOT/maven-metadata.xml
2026-07-16 17:41:24,210 [Worker-26: Import Getting Started Content] INFO  o.e.m.c.i.e.AbstractTransferListenerAdapter - Downloaded https://repo.spring.io/snapshot/org/springframework/boot/spring-boot-starter-jackson/4.0.8-SNAPSHOT/maven-metadata.xml
2026-07-16 17:41:24,446 [Worker-26: Import Getting Started Content] INFO  o.e.m.c.i.e.AbstractTransferListenerAdapter - Downloading https://repo.spring.io/snapshot/org/springframework/boot/spring-boot-starter-jackson/4.0.8-SNAPSHOT/spring-boot-starter-jackson-4.0.8-20260716.091733-41.pom
2026-07-16 17:41:24,450 [Worker-26: Import Getting Started Content] INFO  o.e.m.c.i.e.AbstractTransferListenerAdapter - Downloaded https://repo.spring.io/snapshot/org/springframework/boot/spring-boot-starter-jackson/4.0.8-SNAPSHOT/spring-boot-starter-jackson-4.0.8-20260716.091733-41.pom
2026-07-16 17:41:24,688 [Worker-26: Import Getting Started Content] INFO  o.e.m.c.i.e.AbstractTransferListenerAdapter - Downloading https://repo.spring.io/snapshot/org/springframework/boot/spring-boot-jackson/4.0.8-SNAPSHOT/maven-metadata.xml
2026-07-16 17:41:24,692 [Worker-26: Import Getting Started Content] INFO  o.e.m.c.i.e.AbstractTransferListenerAdapter - Downloaded https://repo.spring.io/snapshot/org/springframework/boot/spring-boot-jackson/4.0.8-SNAPSHOT/maven-metadata.xml
2026-07-16 17:41:24,931 [Worker-26: Import Getting Started Content] INFO  o.e.m.c.i.e.AbstractTransferListenerAdapter - Downloading https://repo.spring.io/snapshot/org/springframework/boot/spring-boot-jackson/4.0.8-SNAPSHOT/spring-boot-jackson-4.0.8-20260716.091733-41.pom
2026-07-16 17:41:24,935 [Worker-26: Import Getting Started Content] INFO  o.e.m.c.i.e.AbstractTransferListenerAdapter - Downloaded https://repo.spring.io/snapshot/org/springframework/boot/spring-boot-jackson/4.0.8-SNAPSHOT/spring-boot-jackson-4.0.8-20260716.091733-41.pom
2026-07-16 17:41:25,195 [Worker-26: Import Getting Started Content] INFO  o.e.m.c.i.e.AbstractTransferListenerAdapter - Downloading https://repo.spring.io/snapshot/org/springframework/boot/spring-boot-starter-tomcat/4.0.8-SNAPSHOT/maven-metadata.xml
2026-07-16 17:41:25,200 [Worker-26: Import Getting Started Content] INFO  o.e.m.c.i.e.AbstractTransferListenerAdapter - Downloaded https://repo.spring.io/snapshot/org/springframework/boot/spring-boot-starter-tomcat/4.0.8-SNAPSHOT/maven-metadata.xml
2026-07-16 17:41:25,438 [Worker-26: Import Getting Started Content] INFO  o.e.m.c.i.e.AbstractTransferListenerAdapter - Downloading https://repo.spring.io/snapshot/org/springframework/boot/spring-boot-starter-tomcat/4.0.8-SNAPSHOT/spring-boot-starter-tomcat-4.0.8-20260716.091733-41.pom
2026-07-16 17:41:25,440 [Worker-26: Import Getting Started Content] INFO  o.e.m.c.i.e.AbstractTransferListenerAdapter - Downloaded https://repo.spring.io/snapshot/org/springframework/boot/spring-boot-starter-tomcat/4.0.8-SNAPSHOT/spring-boot-starter-tomcat-4.0.8-20260716.091733-41.pom
2026-07-16 17:41:25,685 [Worker-26: Import Getting Started Content] INFO  o.e.m.c.i.e.AbstractTransferListenerAdapter - Downloading https://repo.spring.io/snapshot/org/springframework/boot/spring-boot-starter-tomcat-runtime/4.0.8-SNAPSHOT/maven-metadata.xml
2026-07-16 17:41:25,688 [Worker-26: Import Getting Started Content] INFO  o.e.m.c.i.e.AbstractTransferListenerAdapter - Downloaded https://repo.spring.io/snapshot/org/springframework/boot/spring-boot-starter-tomcat-runtime/4.0.8-SNAPSHOT/maven-metadata.xml
2026-07-16 17:41:25,925 [Worker-26: Import Getting Started Content] INFO  o.e.m.c.i.e.AbstractTransferListenerAdapter - Downloading https://repo.spring.io/snapshot/org/springframework/boot/spring-boot-starter-tomcat-runtime/4.0.8-SNAPSHOT/spring-boot-starter-tomcat-runtime-4.0.8-20260716.091733-41.pom
2026-07-16 17:41:25,928 [Worker-26: Import Getting Started Content] INFO  o.e.m.c.i.e.AbstractTransferListenerAdapter - Downloaded https://repo.spring.io/snapshot/org/springframework/boot/spring-boot-starter-tomcat-runtime/4.0.8-SNAPSHOT/spring-boot-starter-tomcat-runtime-4.0.8-20260716.091733-41.pom
2026-07-16 17:41:26,170 [Worker-26: Import Getting Started Content] INFO  o.e.m.c.i.e.AbstractTransferListenerAdapter - Downloading https://repo.spring.io/snapshot/org/springframework/boot/spring-boot-tomcat/4.0.8-SNAPSHOT/maven-metadata.xml
2026-07-16 17:41:26,235 [Worker-26: Import Getting Started Content] INFO  o.e.m.c.i.e.AbstractTransferListenerAdapter - Downloaded https://repo.spring.io/snapshot/org/springframework/boot/spring-boot-tomcat/4.0.8-SNAPSHOT/maven-metadata.xml
2026-07-16 17:41:26,472 [Worker-26: Import Getting Started Content] INFO  o.e.m.c.i.e.AbstractTransferListenerAdapter - Downloading https://repo.spring.io/snapshot/org/springframework/boot/spring-boot-tomcat/4.0.8-SNAPSHOT/spring-boot-tomcat-4.0.8-20260716.091733-41.pom
2026-07-16 17:41:26,481 [Worker-26: Import Getting Started Content] INFO  o.e.m.c.i.e.AbstractTransferListenerAdapter - Downloaded https://repo.spring.io/snapshot/org/springframework/boot/spring-boot-tomcat/4.0.8-SNAPSHOT/spring-boot-tomcat-4.0.8-20260716.091733-41.pom
2026-07-16 17:41:26,718 [Worker-26: Import Getting Started Content] INFO  o.e.m.c.i.e.AbstractTransferListenerAdapter - Downloading https://repo.spring.io/snapshot/org/springframework/boot/spring-boot-web-server/4.0.8-SNAPSHOT/maven-metadata.xml
2026-07-16 17:41:26,722 [Worker-26: Import Getting Started Content] INFO  o.e.m.c.i.e.AbstractTransferListenerAdapter - Downloaded https://repo.spring.io/snapshot/org/springframework/boot/spring-boot-web-server/4.0.8-SNAPSHOT/maven-metadata.xml
2026-07-16 17:41:26,957 [Worker-26: Import Getting Started Content] INFO  o.e.m.c.i.e.AbstractTransferListenerAdapter - Downloading https://repo.spring.io/snapshot/org/springframework/boot/spring-boot-web-server/4.0.8-SNAPSHOT/spring-boot-web-server-4.0.8-20260716.091733-41.pom
2026-07-16 17:41:26,961 [Worker-26: Import Getting Started Content] INFO  o.e.m.c.i.e.AbstractTransferListenerAdapter - Downloaded https://repo.spring.io/snapshot/org/springframework/boot/spring-boot-web-server/4.0.8-SNAPSHOT/spring-boot-web-server-4.0.8-20260716.091733-41.pom
2026-07-16 17:41:27,210 [Worker-26: Import Getting Started Content] INFO  o.e.m.c.i.e.AbstractTransferListenerAdapter - Downloading https://repo.spring.io/snapshot/org/springframework/boot/spring-boot-http-converter/4.0.8-SNAPSHOT/maven-metadata.xml
2026-07-16 17:41:27,215 [Worker-26: Import Getting Started Content] INFO  o.e.m.c.i.e.AbstractTransferListenerAdapter - Downloaded https://repo.spring.io/snapshot/org/springframework/boot/spring-boot-http-converter/4.0.8-SNAPSHOT/maven-metadata.xml
2026-07-16 17:41:27,451 [Worker-26: Import Getting Started Content] INFO  o.e.m.c.i.e.AbstractTransferListenerAdapter - Downloading https://repo.spring.io/snapshot/org/springframework/boot/spring-boot-http-converter/4.0.8-SNAPSHOT/spring-boot-http-converter-4.0.8-20260716.091733-41.pom
2026-07-16 17:41:27,455 [Worker-26: Import Getting Started Content] INFO  o.e.m.c.i.e.AbstractTransferListenerAdapter - Downloaded https://repo.spring.io/snapshot/org/springframework/boot/spring-boot-http-converter/4.0.8-SNAPSHOT/spring-boot-http-converter-4.0.8-20260716.091733-41.pom
2026-07-16 17:41:27,692 [Worker-26: Import Getting Started Content] INFO  o.e.m.c.i.e.AbstractTransferListenerAdapter - Downloading https://repo.spring.io/snapshot/org/springframework/boot/spring-boot-webmvc/4.0.8-SNAPSHOT/maven-metadata.xml
2026-07-16 17:41:27,697 [Worker-26: Import Getting Started Content] INFO  o.e.m.c.i.e.AbstractTransferListenerAdapter - Downloaded https://repo.spring.io/snapshot/org/springframework/boot/spring-boot-webmvc/4.0.8-SNAPSHOT/maven-metadata.xml
2026-07-16 17:41:27,938 [Worker-26: Import Getting Started Content] INFO  o.e.m.c.i.e.AbstractTransferListenerAdapter - Downloading https://repo.spring.io/snapshot/org/springframework/boot/spring-boot-webmvc/4.0.8-SNAPSHOT/spring-boot-webmvc-4.0.8-20260716.091733-41.pom
2026-07-16 17:41:27,941 [Worker-26: Import Getting Started Content] INFO  o.e.m.c.i.e.AbstractTransferListenerAdapter - Downloaded https://repo.spring.io/snapshot/org/springframework/boot/spring-boot-webmvc/4.0.8-SNAPSHOT/spring-boot-webmvc-4.0.8-20260716.091733-41.pom
2026-07-16 17:41:28,182 [Worker-26: Import Getting Started Content] INFO  o.e.m.c.i.e.AbstractTransferListenerAdapter - Downloading https://repo.spring.io/snapshot/org/springframework/boot/spring-boot-servlet/4.0.8-SNAPSHOT/maven-metadata.xml
2026-07-16 17:41:28,187 [Worker-26: Import Getting Started Content] INFO  o.e.m.c.i.e.AbstractTransferListenerAdapter - Downloaded https://repo.spring.io/snapshot/org/springframework/boot/spring-boot-servlet/4.0.8-SNAPSHOT/maven-metadata.xml
2026-07-16 17:41:28,426 [Worker-26: Import Getting Started Content] INFO  o.e.m.c.i.e.AbstractTransferListenerAdapter - Downloading https://repo.spring.io/snapshot/org/springframework/boot/spring-boot-servlet/4.0.8-SNAPSHOT/spring-boot-servlet-4.0.8-20260716.091733-41.pom
2026-07-16 17:41:28,430 [Worker-26: Import Getting Started Content] INFO  o.e.m.c.i.e.AbstractTransferListenerAdapter - Downloaded https://repo.spring.io/snapshot/org/springframework/boot/spring-boot-servlet/4.0.8-SNAPSHOT/spring-boot-servlet-4.0.8-20260716.091733-41.pom
2026-07-16 17:41:28,672 [Worker-26: Import Getting Started Content] INFO  o.e.m.c.i.e.AbstractTransferListenerAdapter - Downloading https://repo.spring.io/snapshot/org/springframework/boot/spring-boot-starter-thymeleaf-test/4.0.8-SNAPSHOT/maven-metadata.xml
2026-07-16 17:41:28,677 [Worker-26: Import Getting Started Content] INFO  o.e.m.c.i.e.AbstractTransferListenerAdapter - Downloaded https://repo.spring.io/snapshot/org/springframework/boot/spring-boot-starter-thymeleaf-test/4.0.8-SNAPSHOT/maven-metadata.xml
2026-07-16 17:41:28,915 [Worker-26: Import Getting Started Content] INFO  o.e.m.c.i.e.AbstractTransferListenerAdapter - Downloading https://repo.spring.io/snapshot/org/springframework/boot/spring-boot-starter-thymeleaf-test/4.0.8-SNAPSHOT/spring-boot-starter-thymeleaf-test-4.0.8-20260716.091733-41.pom
2026-07-16 17:41:28,921 [Worker-26: Import Getting Started Content] INFO  o.e.m.c.i.e.AbstractTransferListenerAdapter - Downloaded https://repo.spring.io/snapshot/org/springframework/boot/spring-boot-starter-thymeleaf-test/4.0.8-SNAPSHOT/spring-boot-starter-thymeleaf-test-4.0.8-20260716.091733-41.pom
2026-07-16 17:41:29,171 [Worker-26: Import Getting Started Content] INFO  o.e.m.c.i.e.AbstractTransferListenerAdapter - Downloading https://repo.spring.io/snapshot/org/springframework/boot/spring-boot-starter-test/4.0.8-SNAPSHOT/maven-metadata.xml
2026-07-16 17:41:29,175 [Worker-26: Import Getting Started Content] INFO  o.e.m.c.i.e.AbstractTransferListenerAdapter - Downloaded https://repo.spring.io/snapshot/org/springframework/boot/spring-boot-starter-test/4.0.8-SNAPSHOT/maven-metadata.xml
2026-07-16 17:41:29,410 [Worker-26: Import Getting Started Content] INFO  o.e.m.c.i.e.AbstractTransferListenerAdapter - Downloading https://repo.spring.io/snapshot/org/springframework/boot/spring-boot-starter-test/4.0.8-SNAPSHOT/spring-boot-starter-test-4.0.8-20260716.091733-41.pom
2026-07-16 17:41:29,415 [Worker-26: Import Getting Started Content] INFO  o.e.m.c.i.e.AbstractTransferListenerAdapter - Downloaded https://repo.spring.io/snapshot/org/springframework/boot/spring-boot-starter-test/4.0.8-SNAPSHOT/spring-boot-starter-test-4.0.8-20260716.091733-41.pom
2026-07-16 17:41:29,658 [Worker-26: Import Getting Started Content] INFO  o.e.m.c.i.e.AbstractTransferListenerAdapter - Downloading https://repo.spring.io/snapshot/org/springframework/boot/spring-boot-test/4.0.8-SNAPSHOT/maven-metadata.xml
2026-07-16 17:41:29,661 [Worker-26: Import Getting Started Content] INFO  o.e.m.c.i.e.AbstractTransferListenerAdapter - Downloaded https://repo.spring.io/snapshot/org/springframework/boot/spring-boot-test/4.0.8-SNAPSHOT/maven-metadata.xml
2026-07-16 17:41:29,899 [Worker-26: Import Getting Started Content] INFO  o.e.m.c.i.e.AbstractTransferListenerAdapter - Downloading https://repo.spring.io/snapshot/org/springframework/boot/spring-boot-test/4.0.8-SNAPSHOT/spring-boot-test-4.0.8-20260716.091733-41.pom
2026-07-16 17:41:29,905 [Worker-26: Import Getting Started Content] INFO  o.e.m.c.i.e.AbstractTransferListenerAdapter - Downloaded https://repo.spring.io/snapshot/org/springframework/boot/spring-boot-test/4.0.8-SNAPSHOT/spring-boot-test-4.0.8-20260716.091733-41.pom
2026-07-16 17:41:30,151 [Worker-26: Import Getting Started Content] INFO  o.e.m.c.i.e.AbstractTransferListenerAdapter - Downloading https://repo.spring.io/snapshot/org/springframework/boot/spring-boot-test-autoconfigure/4.0.8-SNAPSHOT/maven-metadata.xml
2026-07-16 17:41:30,155 [Worker-26: Import Getting Started Content] INFO  o.e.m.c.i.e.AbstractTransferListenerAdapter - Downloaded https://repo.spring.io/snapshot/org/springframework/boot/spring-boot-test-autoconfigure/4.0.8-SNAPSHOT/maven-metadata.xml
2026-07-16 17:41:30,390 [Worker-26: Import Getting Started Content] INFO  o.e.m.c.i.e.AbstractTransferListenerAdapter - Downloading https://repo.spring.io/snapshot/org/springframework/boot/spring-boot-test-autoconfigure/4.0.8-SNAPSHOT/spring-boot-test-autoconfigure-4.0.8-20260716.091733-41.pom
2026-07-16 17:41:30,394 [Worker-26: Import Getting Started Content] INFO  o.e.m.c.i.e.AbstractTransferListenerAdapter - Downloaded https://repo.spring.io/snapshot/org/springframework/boot/spring-boot-test-autoconfigure/4.0.8-SNAPSHOT/spring-boot-test-autoconfigure-4.0.8-20260716.091733-41.pom
2026-07-16 17:41:30,738 [Worker-26: Import Getting Started Content] INFO  o.e.m.c.i.e.AbstractTransferListenerAdapter - Downloading https://repo.spring.io/snapshot/org/springframework/boot/spring-boot-starter-webmvc-test/4.0.8-SNAPSHOT/maven-metadata.xml
2026-07-16 17:41:30,742 [Worker-26: Import Getting Started Content] INFO  o.e.m.c.i.e.AbstractTransferListenerAdapter - Downloaded https://repo.spring.io/snapshot/org/springframework/boot/spring-boot-starter-webmvc-test/4.0.8-SNAPSHOT/maven-metadata.xml
2026-07-16 17:41:30,982 [Worker-26: Import Getting Started Content] INFO  o.e.m.c.i.e.AbstractTransferListenerAdapter - Downloading https://repo.spring.io/snapshot/org/springframework/boot/spring-boot-starter-webmvc-test/4.0.8-SNAPSHOT/spring-boot-starter-webmvc-test-4.0.8-20260716.091733-41.pom
2026-07-16 17:41:30,988 [Worker-26: Import Getting Started Content] INFO  o.e.m.c.i.e.AbstractTransferListenerAdapter - Downloaded https://repo.spring.io/snapshot/org/springframework/boot/spring-boot-starter-webmvc-test/4.0.8-SNAPSHOT/spring-boot-starter-webmvc-test-4.0.8-20260716.091733-41.pom
2026-07-16 17:41:31,232 [Worker-26: Import Getting Started Content] INFO  o.e.m.c.i.e.AbstractTransferListenerAdapter - Downloading https://repo.spring.io/snapshot/org/springframework/boot/spring-boot-starter-jackson-test/4.0.8-SNAPSHOT/maven-metadata.xml
2026-07-16 17:41:31,236 [Worker-26: Import Getting Started Content] INFO  o.e.m.c.i.e.AbstractTransferListenerAdapter - Downloaded https://repo.spring.io/snapshot/org/springframework/boot/spring-boot-starter-jackson-test/4.0.8-SNAPSHOT/maven-metadata.xml
2026-07-16 17:41:31,472 [Worker-26: Import Getting Started Content] INFO  o.e.m.c.i.e.AbstractTransferListenerAdapter - Downloading https://repo.spring.io/snapshot/org/springframework/boot/spring-boot-starter-jackson-test/4.0.8-SNAPSHOT/spring-boot-starter-jackson-test-4.0.8-20260716.091733-41.pom
2026-07-16 17:41:31,476 [Worker-26: Import Getting Started Content] INFO  o.e.m.c.i.e.AbstractTransferListenerAdapter - Downloaded https://repo.spring.io/snapshot/org/springframework/boot/spring-boot-starter-jackson-test/4.0.8-SNAPSHOT/spring-boot-starter-jackson-test-4.0.8-20260716.091733-41.pom
2026-07-16 17:41:31,780 [Worker-26: Import Getting Started Content] INFO  o.e.m.c.i.e.AbstractTransferListenerAdapter - Downloading https://repo.spring.io/snapshot/org/springframework/boot/spring-boot-webmvc-test/4.0.8-SNAPSHOT/maven-metadata.xml
2026-07-16 17:41:31,784 [Worker-26: Import Getting Started Content] INFO  o.e.m.c.i.e.AbstractTransferListenerAdapter - Downloaded https://repo.spring.io/snapshot/org/springframework/boot/spring-boot-webmvc-test/4.0.8-SNAPSHOT/maven-metadata.xml
2026-07-16 17:41:32,023 [Worker-26: Import Getting Started Content] INFO  o.e.m.c.i.e.AbstractTransferListenerAdapter - Downloading https://repo.spring.io/snapshot/org/springframework/boot/spring-boot-webmvc-test/4.0.8-SNAPSHOT/spring-boot-webmvc-test-4.0.8-20260716.091733-41.pom
2026-07-16 17:41:32,026 [Worker-26: Import Getting Started Content] INFO  o.e.m.c.i.e.AbstractTransferListenerAdapter - Downloaded https://repo.spring.io/snapshot/org/springframework/boot/spring-boot-webmvc-test/4.0.8-SNAPSHOT/spring-boot-webmvc-test-4.0.8-20260716.091733-41.pom
2026-07-16 17:41:32,268 [Worker-26: Import Getting Started Content] INFO  o.e.m.c.i.e.AbstractTransferListenerAdapter - Downloading https://repo.spring.io/snapshot/org/springframework/boot/spring-boot-resttestclient/4.0.8-SNAPSHOT/maven-metadata.xml
2026-07-16 17:41:32,272 [Worker-26: Import Getting Started Content] INFO  o.e.m.c.i.e.AbstractTransferListenerAdapter - Downloaded https://repo.spring.io/snapshot/org/springframework/boot/spring-boot-resttestclient/4.0.8-SNAPSHOT/maven-metadata.xml
2026-07-16 17:41:32,509 [Worker-26: Import Getting Started Content] INFO  o.e.m.c.i.e.AbstractTransferListenerAdapter - Downloading https://repo.spring.io/snapshot/org/springframework/boot/spring-boot-resttestclient/4.0.8-SNAPSHOT/spring-boot-resttestclient-4.0.8-20260716.091733-41.pom
2026-07-16 17:41:32,513 [Worker-26: Import Getting Started Content] INFO  o.e.m.c.i.e.AbstractTransferListenerAdapter - Downloaded https://repo.spring.io/snapshot/org/springframework/boot/spring-boot-resttestclient/4.0.8-SNAPSHOT/spring-boot-resttestclient-4.0.8-20260716.091733-41.pom
2026-07-16 17:41:32,837 [Worker-26: Import Getting Started Content] INFO  o.e.m.c.i.e.AbstractTransferListenerAdapter - Downloading https://repo.spring.io/snapshot/org/springframework/boot/spring-boot-starter-thymeleaf/4.0.8-SNAPSHOT/spring-boot-starter-thymeleaf-4.0.8-20260716.091733-41.jar
2026-07-16 17:41:32,842 [Worker-26: Import Getting Started Content] INFO  o.e.m.c.i.e.AbstractTransferListenerAdapter - Downloaded https://repo.spring.io/snapshot/org/springframework/boot/spring-boot-starter-thymeleaf/4.0.8-SNAPSHOT/spring-boot-starter-thymeleaf-4.0.8-20260716.091733-41.jar
2026-07-16 17:41:33,537 [BasicRepositoryConnector-repo.spring.io-0-0] INFO  o.e.m.c.i.e.AbstractTransferListenerAdapter - Downloading https://repo.spring.io/snapshot/org/springframework/boot/spring-boot-starter/4.0.8-SNAPSHOT/spring-boot-starter-4.0.8-20260716.091733-41.jar
2026-07-16 17:41:33,547 [BasicRepositoryConnector-repo.spring.io-0-0] INFO  o.e.m.c.i.e.AbstractTransferListenerAdapter - Downloaded https://repo.spring.io/snapshot/org/springframework/boot/spring-boot-starter/4.0.8-SNAPSHOT/spring-boot-starter-4.0.8-20260716.091733-41.jar
2026-07-16 17:41:33,585 [BasicRepositoryConnector-repo.spring.io-0-3] INFO  o.e.m.c.i.e.AbstractTransferListenerAdapter - Downloading https://repo.spring.io/snapshot/org/springframework/boot/spring-boot-thymeleaf/4.0.8-SNAPSHOT/spring-boot-thymeleaf-4.0.8-20260716.091733-41.jar
2026-07-16 17:41:33,739 [BasicRepositoryConnector-repo.spring.io-0-1] INFO  o.e.m.c.i.e.AbstractTransferListenerAdapter - Downloading https://repo.spring.io/snapshot/org/springframework/boot/spring-boot-starter-logging/4.0.8-SNAPSHOT/spring-boot-starter-logging-4.0.8-20260716.091733-41.jar
2026-07-16 17:41:33,744 [BasicRepositoryConnector-repo.spring.io-0-1] INFO  o.e.m.c.i.e.AbstractTransferListenerAdapter - Downloaded https://repo.spring.io/snapshot/org/springframework/boot/spring-boot-starter-logging/4.0.8-SNAPSHOT/spring-boot-starter-logging-4.0.8-20260716.091733-41.jar
2026-07-16 17:41:33,781 [BasicRepositoryConnector-repo.spring.io-0-0] INFO  o.e.m.c.i.e.AbstractTransferListenerAdapter - Downloading https://repo.spring.io/snapshot/org/springframework/boot/spring-boot-starter-webmvc/4.0.8-SNAPSHOT/spring-boot-starter-webmvc-4.0.8-20260716.091733-41.jar
2026-07-16 17:41:33,785 [BasicRepositoryConnector-repo.spring.io-0-0] INFO  o.e.m.c.i.e.AbstractTransferListenerAdapter - Downloaded https://repo.spring.io/snapshot/org/springframework/boot/spring-boot-starter-webmvc/4.0.8-SNAPSHOT/spring-boot-starter-webmvc-4.0.8-20260716.091733-41.jar
2026-07-16 17:41:33,824 [BasicRepositoryConnector-repo.spring.io-0-3] INFO  o.e.m.c.i.e.AbstractTransferListenerAdapter - Downloaded https://repo.spring.io/snapshot/org/springframework/boot/spring-boot-thymeleaf/4.0.8-SNAPSHOT/spring-boot-thymeleaf-4.0.8-20260716.091733-41.jar
2026-07-16 17:41:33,902 [BasicRepositoryConnector-repo.spring.io-0-2] INFO  o.e.m.c.i.e.AbstractTransferListenerAdapter - Downloading https://repo.spring.io/snapshot/org/springframework/boot/spring-boot-autoconfigure/4.0.8-SNAPSHOT/spring-boot-autoconfigure-4.0.8-20260716.091733-41.jar
2026-07-16 17:41:33,979 [BasicRepositoryConnector-repo.spring.io-0-1] INFO  o.e.m.c.i.e.AbstractTransferListenerAdapter - Downloading https://repo.spring.io/snapshot/org/springframework/boot/spring-boot-starter-jackson/4.0.8-SNAPSHOT/spring-boot-starter-jackson-4.0.8-20260716.091733-41.jar
2026-07-16 17:41:33,984 [BasicRepositoryConnector-repo.spring.io-0-1] INFO  o.e.m.c.i.e.AbstractTransferListenerAdapter - Downloaded https://repo.spring.io/snapshot/org/springframework/boot/spring-boot-starter-jackson/4.0.8-SNAPSHOT/spring-boot-starter-jackson-4.0.8-20260716.091733-41.jar
2026-07-16 17:41:34,021 [BasicRepositoryConnector-repo.spring.io-0-0] INFO  o.e.m.c.i.e.AbstractTransferListenerAdapter - Downloading https://repo.spring.io/snapshot/org/springframework/boot/spring-boot-jackson/4.0.8-SNAPSHOT/spring-boot-jackson-4.0.8-20260716.091733-41.jar
2026-07-16 17:41:34,093 [BasicRepositoryConnector-repo.spring.io-0-3] INFO  o.e.m.c.i.e.AbstractTransferListenerAdapter - Downloading https://repo.spring.io/snapshot/org/springframework/boot/spring-boot-starter-tomcat/4.0.8-SNAPSHOT/spring-boot-starter-tomcat-4.0.8-20260716.091733-41.jar
2026-07-16 17:41:34,100 [BasicRepositoryConnector-repo.spring.io-0-3] INFO  o.e.m.c.i.e.AbstractTransferListenerAdapter - Downloaded https://repo.spring.io/snapshot/org/springframework/boot/spring-boot-starter-tomcat/4.0.8-SNAPSHOT/spring-boot-starter-tomcat-4.0.8-20260716.091733-41.jar
2026-07-16 17:41:34,214 [BasicRepositoryConnector-repo.spring.io-0-1] INFO  o.e.m.c.i.e.AbstractTransferListenerAdapter - Downloading https://repo.spring.io/snapshot/org/springframework/boot/spring-boot-starter-tomcat-runtime/4.0.8-SNAPSHOT/spring-boot-starter-tomcat-runtime-4.0.8-20260716.091733-41.jar
2026-07-16 17:41:34,218 [BasicRepositoryConnector-repo.spring.io-0-1] INFO  o.e.m.c.i.e.AbstractTransferListenerAdapter - Downloaded https://repo.spring.io/snapshot/org/springframework/boot/spring-boot-starter-tomcat-runtime/4.0.8-SNAPSHOT/spring-boot-starter-tomcat-runtime-4.0.8-20260716.091733-41.jar
2026-07-16 17:41:34,366 [BasicRepositoryConnector-repo.spring.io-0-3] INFO  o.e.m.c.i.e.AbstractTransferListenerAdapter - Downloading https://repo.spring.io/snapshot/org/springframework/boot/spring-boot-tomcat/4.0.8-SNAPSHOT/spring-boot-tomcat-4.0.8-20260716.091733-41.jar
2026-07-16 17:41:34,443 [BasicRepositoryConnector-repo.spring.io-0-4] INFO  o.e.m.c.i.e.AbstractTransferListenerAdapter - Downloading https://repo.spring.io/snapshot/org/springframework/boot/spring-boot/4.0.8-SNAPSHOT/spring-boot-4.0.8-20260716.091733-41.jar
2026-07-16 17:41:34,450 [BasicRepositoryConnector-repo.spring.io-0-1] INFO  o.e.m.c.i.e.AbstractTransferListenerAdapter - Downloading https://repo.spring.io/snapshot/org/springframework/boot/spring-boot-http-converter/4.0.8-SNAPSHOT/spring-boot-http-converter-4.0.8-20260716.091733-41.jar
2026-07-16 17:41:34,473 [BasicRepositoryConnector-repo.spring.io-0-0] INFO  o.e.m.c.i.e.AbstractTransferListenerAdapter - Downloaded https://repo.spring.io/snapshot/org/springframework/boot/spring-boot-jackson/4.0.8-SNAPSHOT/spring-boot-jackson-4.0.8-20260716.091733-41.jar
2026-07-16 17:41:34,707 [BasicRepositoryConnector-repo.spring.io-0-0] INFO  o.e.m.c.i.e.AbstractTransferListenerAdapter - Downloading https://repo.spring.io/snapshot/org/springframework/boot/spring-boot-webmvc/4.0.8-SNAPSHOT/spring-boot-webmvc-4.0.8-20260716.091733-41.jar
2026-07-16 17:41:34,852 [BasicRepositoryConnector-repo.spring.io-0-3] INFO  o.e.m.c.i.e.AbstractTransferListenerAdapter - Downloaded https://repo.spring.io/snapshot/org/springframework/boot/spring-boot-tomcat/4.0.8-SNAPSHOT/spring-boot-tomcat-4.0.8-20260716.091733-41.jar
2026-07-16 17:41:34,899 [BasicRepositoryConnector-repo.spring.io-0-1] INFO  o.e.m.c.i.e.AbstractTransferListenerAdapter - Downloaded https://repo.spring.io/snapshot/org/springframework/boot/spring-boot-http-converter/4.0.8-SNAPSHOT/spring-boot-http-converter-4.0.8-20260716.091733-41.jar
2026-07-16 17:41:34,963 [BasicRepositoryConnector-repo.spring.io-0-0] INFO  o.e.m.c.i.e.AbstractTransferListenerAdapter - Downloaded https://repo.spring.io/snapshot/org/springframework/boot/spring-boot-webmvc/4.0.8-SNAPSHOT/spring-boot-webmvc-4.0.8-20260716.091733-41.jar
2026-07-16 17:41:35,097 [BasicRepositoryConnector-repo.spring.io-0-3] INFO  o.e.m.c.i.e.AbstractTransferListenerAdapter - Downloading https://repo.spring.io/snapshot/org/springframework/boot/spring-boot-servlet/4.0.8-SNAPSHOT/spring-boot-servlet-4.0.8-20260716.091733-41.jar
2026-07-16 17:41:35,139 [BasicRepositoryConnector-repo.spring.io-0-1] INFO  o.e.m.c.i.e.AbstractTransferListenerAdapter - Downloading https://repo.spring.io/snapshot/org/springframework/boot/spring-boot-starter-thymeleaf-test/4.0.8-SNAPSHOT/spring-boot-starter-thymeleaf-test-4.0.8-20260716.091733-41.jar
2026-07-16 17:41:35,143 [BasicRepositoryConnector-repo.spring.io-0-1] INFO  o.e.m.c.i.e.AbstractTransferListenerAdapter - Downloaded https://repo.spring.io/snapshot/org/springframework/boot/spring-boot-starter-thymeleaf-test/4.0.8-SNAPSHOT/spring-boot-starter-thymeleaf-test-4.0.8-20260716.091733-41.jar
2026-07-16 17:41:35,196 [BasicRepositoryConnector-repo.spring.io-0-0] INFO  o.e.m.c.i.e.AbstractTransferListenerAdapter - Downloading https://repo.spring.io/snapshot/org/springframework/boot/spring-boot-starter-test/4.0.8-SNAPSHOT/spring-boot-starter-test-4.0.8-20260716.091733-41.jar
2026-07-16 17:41:35,200 [BasicRepositoryConnector-repo.spring.io-0-0] INFO  o.e.m.c.i.e.AbstractTransferListenerAdapter - Downloaded https://repo.spring.io/snapshot/org/springframework/boot/spring-boot-starter-test/4.0.8-SNAPSHOT/spring-boot-starter-test-4.0.8-20260716.091733-41.jar
2026-07-16 17:41:35,374 [BasicRepositoryConnector-repo.spring.io-0-3] INFO  o.e.m.c.i.e.AbstractTransferListenerAdapter - Downloaded https://repo.spring.io/snapshot/org/springframework/boot/spring-boot-servlet/4.0.8-SNAPSHOT/spring-boot-servlet-4.0.8-20260716.091733-41.jar
2026-07-16 17:41:35,436 [BasicRepositoryConnector-repo.spring.io-0-0] INFO  o.e.m.c.i.e.AbstractTransferListenerAdapter - Downloading https://repo.spring.io/snapshot/org/springframework/boot/spring-boot-test-autoconfigure/4.0.8-SNAPSHOT/spring-boot-test-autoconfigure-4.0.8-20260716.091733-41.jar
2026-07-16 17:41:35,451 [BasicRepositoryConnector-repo.spring.io-0-0] INFO  o.e.m.c.i.e.AbstractTransferListenerAdapter - Downloaded https://repo.spring.io/snapshot/org/springframework/boot/spring-boot-test-autoconfigure/4.0.8-SNAPSHOT/spring-boot-test-autoconfigure-4.0.8-20260716.091733-41.jar
2026-07-16 17:41:35,517 [BasicRepositoryConnector-repo.spring.io-0-2] INFO  o.e.m.c.i.e.AbstractTransferListenerAdapter - Downloaded https://repo.spring.io/snapshot/org/springframework/boot/spring-boot-autoconfigure/4.0.8-SNAPSHOT/spring-boot-autoconfigure-4.0.8-20260716.091733-41.jar
2026-07-16 17:41:35,615 [BasicRepositoryConnector-repo.spring.io-0-3] INFO  o.e.m.c.i.e.AbstractTransferListenerAdapter - Downloading https://repo.spring.io/snapshot/org/springframework/boot/spring-boot-starter-webmvc-test/4.0.8-SNAPSHOT/spring-boot-starter-webmvc-test-4.0.8-20260716.091733-41.jar
2026-07-16 17:41:35,620 [BasicRepositoryConnector-repo.spring.io-0-3] INFO  o.e.m.c.i.e.AbstractTransferListenerAdapter - Downloaded https://repo.spring.io/snapshot/org/springframework/boot/spring-boot-starter-webmvc-test/4.0.8-SNAPSHOT/spring-boot-starter-webmvc-test-4.0.8-20260716.091733-41.jar
2026-07-16 17:41:35,642 [BasicRepositoryConnector-repo.spring.io-0-1] INFO  o.e.m.c.i.e.AbstractTransferListenerAdapter - Downloading https://repo.spring.io/snapshot/org/springframework/boot/spring-boot-test/4.0.8-SNAPSHOT/spring-boot-test-4.0.8-20260716.091733-41.jar
2026-07-16 17:41:35,686 [BasicRepositoryConnector-repo.spring.io-0-0] INFO  o.e.m.c.i.e.AbstractTransferListenerAdapter - Downloading https://repo.spring.io/snapshot/org/springframework/boot/spring-boot-starter-jackson-test/4.0.8-SNAPSHOT/spring-boot-starter-jackson-test-4.0.8-20260716.091733-41.jar
2026-07-16 17:41:35,689 [BasicRepositoryConnector-repo.spring.io-0-0] INFO  o.e.m.c.i.e.AbstractTransferListenerAdapter - Downloaded https://repo.spring.io/snapshot/org/springframework/boot/spring-boot-starter-jackson-test/4.0.8-SNAPSHOT/spring-boot-starter-jackson-test-4.0.8-20260716.091733-41.jar
2026-07-16 17:41:35,734 [BasicRepositoryConnector-repo.spring.io-0-2] INFO  o.e.m.c.i.e.AbstractTransferListenerAdapter - Downloading https://repo.spring.io/snapshot/org/springframework/boot/spring-boot-webmvc-test/4.0.8-SNAPSHOT/spring-boot-webmvc-test-4.0.8-20260716.091733-41.jar
2026-07-16 17:41:35,874 [BasicRepositoryConnector-repo.spring.io-0-3] INFO  o.e.m.c.i.e.AbstractTransferListenerAdapter - Downloading https://repo.spring.io/snapshot/org/springframework/boot/spring-boot-web-server/4.0.8-SNAPSHOT/spring-boot-web-server-4.0.8-20260716.091733-41.jar
2026-07-16 17:41:35,926 [BasicRepositoryConnector-repo.spring.io-0-0] INFO  o.e.m.c.i.e.AbstractTransferListenerAdapter - Downloading https://repo.spring.io/snapshot/org/springframework/boot/spring-boot-resttestclient/4.0.8-SNAPSHOT/spring-boot-resttestclient-4.0.8-20260716.091733-41.jar
2026-07-16 17:41:35,933 [BasicRepositoryConnector-repo.spring.io-0-0] INFO  o.e.m.c.i.e.AbstractTransferListenerAdapter - Downloaded https://repo.spring.io/snapshot/org/springframework/boot/spring-boot-resttestclient/4.0.8-SNAPSHOT/spring-boot-resttestclient-4.0.8-20260716.091733-41.jar
2026-07-16 17:41:36,106 [BasicRepositoryConnector-repo.spring.io-0-3] INFO  o.e.m.c.i.e.AbstractTransferListenerAdapter - Downloaded https://repo.spring.io/snapshot/org/springframework/boot/spring-boot-web-server/4.0.8-SNAPSHOT/spring-boot-web-server-4.0.8-20260716.091733-41.jar
2026-07-16 17:41:36,121 [BasicRepositoryConnector-repo.spring.io-0-1] INFO  o.e.m.c.i.e.AbstractTransferListenerAdapter - Downloaded https://repo.spring.io/snapshot/org/springframework/boot/spring-boot-test/4.0.8-SNAPSHOT/spring-boot-test-4.0.8-20260716.091733-41.jar
2026-07-16 17:41:36,157 [BasicRepositoryConnector-repo.spring.io-0-2] INFO  o.e.m.c.i.e.AbstractTransferListenerAdapter - Downloaded https://repo.spring.io/snapshot/org/springframework/boot/spring-boot-webmvc-test/4.0.8-SNAPSHOT/spring-boot-webmvc-test-4.0.8-20260716.091733-41.jar
2026-07-16 17:41:36,257 [BasicRepositoryConnector-repo.spring.io-0-4] INFO  o.e.m.c.i.e.AbstractTransferListenerAdapter - Downloaded https://repo.spring.io/snapshot/org/springframework/boot/spring-boot/4.0.8-SNAPSHOT/spring-boot-4.0.8-20260716.091733-41.jar
2026-07-16 17:41:37,400 [Worker-26: Import Getting Started Content] INFO  o.e.m.j.i.AbstractJavaProjectConfigurator - Adding source folder /Student_Details/src/main/java
2026-07-16 17:41:37,403 [Worker-26: Import Getting Started Content] INFO  o.e.m.j.i.AbstractJavaProjectConfigurator - Adding resource folder /Student_Details/src/main/resources
2026-07-16 17:41:37,409 [Worker-26: Import Getting Started Content] INFO  o.e.m.j.i.AbstractJavaProjectConfigurator - Adding resource folder /Student_Details/src/main/resources
2026-07-16 17:41:37,415 [Worker-26: Import Getting Started Content] INFO  o.e.m.j.i.AbstractJavaProjectConfigurator - Adding source folder /Student_Details/src/test/java
2026-07-16 17:41:37,417 [Worker-26: Import Getting Started Content] INFO  o.e.m.j.i.AbstractJavaProjectConfigurator - Adding resource folder /Student_Details/src/test/resources
2026-07-16 17:41:37,861 [Worker-26: Import Getting Started Content] WARN  o.apache.maven.project.MavenProject - Direct modification of compileSourceRoots through clear() is deprecated and will not work in Maven 4.0.0. Please use the add/remove methods instead. If you're using a plugin that causes this warning, please upgrade to the latest version and report an issue if the warning persists. To disable these warnings, set -Dmaven.project.sourceRoots.warningsDisabled=true on the command line, in the .mvn/maven.config file, or in project POM properties.
2026-07-16 17:41:37,921 [Worker-26: Import Getting Started Content] WARN  o.apache.maven.project.MavenProject - Direct modification of compileSourceRoots through add() is deprecated and will not work in Maven 4.0.0. Please use the add/remove methods instead. If you're using a plugin that causes this warning, please upgrade to the latest version and report an issue if the warning persists. To disable these warnings, set -Dmaven.project.sourceRoots.warningsDisabled=true on the command line, in the .mvn/maven.config file, or in project POM properties.
2026-07-16 17:41:37,922 [Worker-26: Import Getting Started Content] WARN  o.apache.maven.project.MavenProject - Direct modification of testCompileSourceRoots through clear() is deprecated and will not work in Maven 4.0.0. Please use the add/remove methods instead. If you're using a plugin that causes this warning, please upgrade to the latest version and report an issue if the warning persists. To disable these warnings, set -Dmaven.project.sourceRoots.warningsDisabled=true on the command line, in the .mvn/maven.config file, or in project POM properties.
2026-07-16 17:41:37,923 [Worker-26: Import Getting Started Content] WARN  o.apache.maven.project.MavenProject - Direct modification of testCompileSourceRoots through add() is deprecated and will not work in Maven 4.0.0. Please use the add/remove methods instead. If you're using a plugin that causes this warning, please upgrade to the latest version and report an issue if the warning persists. To disable these warnings, set -Dmaven.project.sourceRoots.warningsDisabled=true on the command line, in the .mvn/maven.config file, or in project POM properties.
2026-07-16 17:41:37,951 [Worker-26: Import Getting Started Content] INFO  o.e.m.c.i.p.ProjectConfigurationManager - Imported and configured 1 project(s) in 22 sec
2026-07-16 17:41:37,956 [Worker-26: Import Getting Started Content] INFO  o.e.m.c.i.p.ProjectConfigurationManager - Update started
2026-07-16 17:41:39,524 [Worker-26: Import Getting Started Content] INFO  o.e.m.c.i.l.LifecycleMappingFactory - Using org.eclipse.m2e.jdt.JarLifecycleMapping lifecycle mapping for MavenProject: com.kodnest:Student_Details:0.0.1-SNAPSHOT @ C:\Users\sarve\Downloads\Demo\Student_Details\pom.xml.
2026-07-16 17:41:40,354 [Worker-34: Download sources and javadoc] INFO  o.e.m.c.i.e.AbstractTransferListenerAdapter - Downloading https://repo.spring.io/snapshot/org/springframework/boot/spring-boot-starter-thymeleaf/4.0.8-SNAPSHOT/spring-boot-starter-thymeleaf-4.0.8-20260716.091733-41-sources.jar
2026-07-16 17:41:40,361 [Worker-34: Download sources and javadoc] INFO  o.e.m.c.i.e.AbstractTransferListenerAdapter - Downloaded https://repo.spring.io/snapshot/org/springframework/boot/spring-boot-starter-thymeleaf/4.0.8-SNAPSHOT/spring-boot-starter-thymeleaf-4.0.8-20260716.091733-41-sources.jar
2026-07-16 17:41:40,371 [Worker-34: Download sources and javadoc] INFO  o.e.m.j.internal.DownloadSourcesJob - Downloaded sources for org.springframework.boot:spring-boot-starter-thymeleaf:4.0.8-SNAPSHOT
2026-07-16 17:41:41,060 [Worker-34: Download sources and javadoc] INFO  o.e.m.c.i.e.AbstractTransferListenerAdapter - Downloading https://repo.spring.io/snapshot/org/springframework/boot/spring-boot-starter/4.0.8-SNAPSHOT/spring-boot-starter-4.0.8-20260716.091733-41-sources.jar
2026-07-16 17:41:41,069 [Worker-34: Download sources and javadoc] INFO  o.e.m.c.i.e.AbstractTransferListenerAdapter - Downloaded https://repo.spring.io/snapshot/org/springframework/boot/spring-boot-starter/4.0.8-SNAPSHOT/spring-boot-starter-4.0.8-20260716.091733-41-sources.jar
2026-07-16 17:41:41,077 [Worker-34: Download sources and javadoc] INFO  o.e.m.j.internal.DownloadSourcesJob - Downloaded sources for org.springframework.boot:spring-boot-starter:4.0.8-SNAPSHOT
2026-07-16 17:41:41,247 [Worker-26: Import Getting Started Content] INFO  o.e.m.j.i.AbstractJavaProjectConfigurator - Adding source folder /Student_Details/src/main/java
2026-07-16 17:41:41,249 [Worker-26: Import Getting Started Content] INFO  o.e.m.j.i.AbstractJavaProjectConfigurator - Adding resource folder /Student_Details/src/main/resources
2026-07-16 17:41:41,250 [Worker-26: Import Getting Started Content] INFO  o.e.m.j.i.AbstractJavaProjectConfigurator - Adding resource folder /Student_Details/src/main/resources
2026-07-16 17:41:41,251 [Worker-26: Import Getting Started Content] INFO  o.e.m.j.i.AbstractJavaProjectConfigurator - Adding source folder /Student_Details/src/test/java
2026-07-16 17:41:41,252 [Worker-26: Import Getting Started Content] INFO  o.e.m.j.i.AbstractJavaProjectConfigurator - Adding resource folder /Student_Details/src/test/resources
2026-07-16 17:41:41,597 [Worker-26: Import Getting Started Content] WARN  o.apache.maven.project.MavenProject - Direct modification of compileSourceRoots through clear() is deprecated and will not work in Maven 4.0.0. Please use the add/remove methods instead. If you're using a plugin that causes this warning, please upgrade to the latest version and report an issue if the warning persists. To disable these warnings, set -Dmaven.project.sourceRoots.warningsDisabled=true on the command line, in the .mvn/maven.config file, or in project POM properties.
2026-07-16 17:41:41,598 [Worker-26: Import Getting Started Content] WARN  o.apache.maven.project.MavenProject - Direct modification of compileSourceRoots through add() is deprecated and will not work in Maven 4.0.0. Please use the add/remove methods instead. If you're using a plugin that causes this warning, please upgrade to the latest version and report an issue if the warning persists. To disable these warnings, set -Dmaven.project.sourceRoots.warningsDisabled=true on the command line, in the .mvn/maven.config file, or in project POM properties.
2026-07-16 17:41:41,600 [Worker-26: Import Getting Started Content] WARN  o.apache.maven.project.MavenProject - Direct modification of testCompileSourceRoots through clear() is deprecated and will not work in Maven 4.0.0. Please use the add/remove methods instead. If you're using a plugin that causes this warning, please upgrade to the latest version and report an issue if the warning persists. To disable these warnings, set -Dmaven.project.sourceRoots.warningsDisabled=true on the command line, in the .mvn/maven.config file, or in project POM properties.
2026-07-16 17:41:41,601 [Worker-26: Import Getting Started Content] WARN  o.apache.maven.project.MavenProject - Direct modification of testCompileSourceRoots through add() is deprecated and will not work in Maven 4.0.0. Please use the add/remove methods instead. If you're using a plugin that causes this warning, please upgrade to the latest version and report an issue if the warning persists. To disable these warnings, set -Dmaven.project.sourceRoots.warningsDisabled=true on the command line, in the .mvn/maven.config file, or in project POM properties.
2026-07-16 17:41:41,951 [Worker-34: Download sources and javadoc] INFO  o.e.m.c.i.e.AbstractTransferListenerAdapter - Downloading https://repo.spring.io/snapshot/org/springframework/boot/spring-boot-starter-logging/4.0.8-SNAPSHOT/spring-boot-starter-logging-4.0.8-20260716.091733-41-sources.jar
2026-07-16 17:41:41,959 [Worker-34: Download sources and javadoc] INFO  o.e.m.c.i.e.AbstractTransferListenerAdapter - Downloaded https://repo.spring.io/snapshot/org/springframework/boot/spring-boot-starter-logging/4.0.8-SNAPSHOT/spring-boot-starter-logging-4.0.8-20260716.091733-41-sources.jar
2026-07-16 17:41:41,968 [Worker-34: Download sources and javadoc] INFO  o.e.m.j.internal.DownloadSourcesJob - Downloaded sources for org.springframework.boot:spring-boot-starter-logging:4.0.8-SNAPSHOT
2026-07-16 17:41:42,176 [Worker-26: Import Getting Started Content] INFO  o.e.m.c.i.p.ProjectConfigurationManager - Update completed for 1 poms: local refresh takes 0.00 sec, refresh facades takes 3.00 sec, update config takes 0.00 sec 
2026-07-16 17:41:43,159 [Worker-32: Building] INFO  o.a.m.s.f.DefaultMavenResourcesFiltering - Copying 1 resource from src\main\resources to target\classes
2026-07-16 17:41:43,188 [Worker-32: Building] INFO  o.a.m.s.f.DefaultMavenResourcesFiltering - Copying 0 resource from src\main\resources to target\classes
2026-07-16 17:41:43,195 [Worker-32: Building] INFO  o.a.m.s.f.DefaultMavenResourcesFiltering - skip non existing resourceDirectory C:\Users\sarve\Downloads\Demo\Student_Details\src\test\resources
2026-07-16 17:41:43,417 [Worker-34: Download sources and javadoc] INFO  o.e.m.c.i.e.AbstractTransferListenerAdapter - Downloading https://repo.spring.io/snapshot/org/springframework/boot/spring-boot-autoconfigure/4.0.8-SNAPSHOT/spring-boot-autoconfigure-4.0.8-20260716.091733-41-sources.jar
2026-07-16 17:41:43,668 [Worker-32: Building] WARN  o.apache.maven.project.MavenProject - Direct modification of compileSourceRoots through clear() is deprecated and will not work in Maven 4.0.0. Please use the add/remove methods instead. If you're using a plugin that causes this warning, please upgrade to the latest version and report an issue if the warning persists. To disable these warnings, set -Dmaven.project.sourceRoots.warningsDisabled=true on the command line, in the .mvn/maven.config file, or in project POM properties.
2026-07-16 17:41:43,669 [Worker-32: Building] WARN  o.apache.maven.project.MavenProject - Direct modification of compileSourceRoots through add() is deprecated and will not work in Maven 4.0.0. Please use the add/remove methods instead. If you're using a plugin that causes this warning, please upgrade to the latest version and report an issue if the warning persists. To disable these warnings, set -Dmaven.project.sourceRoots.warningsDisabled=true on the command line, in the .mvn/maven.config file, or in project POM properties.
2026-07-16 17:41:43,670 [Worker-32: Building] WARN  o.apache.maven.project.MavenProject - Direct modification of testCompileSourceRoots through clear() is deprecated and will not work in Maven 4.0.0. Please use the add/remove methods instead. If you're using a plugin that causes this warning, please upgrade to the latest version and report an issue if the warning persists. To disable these warnings, set -Dmaven.project.sourceRoots.warningsDisabled=true on the command line, in the .mvn/maven.config file, or in project POM properties.
2026-07-16 17:41:43,671 [Worker-32: Building] WARN  o.apache.maven.project.MavenProject - Direct modification of testCompileSourceRoots through add() is deprecated and will not work in Maven 4.0.0. Please use the add/remove methods instead. If you're using a plugin that causes this warning, please upgrade to the latest version and report an issue if the warning persists. To disable these warnings, set -Dmaven.project.sourceRoots.warningsDisabled=true on the command line, in the .mvn/maven.config file, or in project POM properties.
2026-07-16 17:41:44,310 [Worker-34: Download sources and javadoc] INFO  o.e.m.c.i.e.AbstractTransferListenerAdapter - Downloaded https://repo.spring.io/snapshot/org/springframework/boot/spring-boot-autoconfigure/4.0.8-SNAPSHOT/spring-boot-autoconfigure-4.0.8-20260716.091733-41-sources.jar
2026-07-16 17:41:44,320 [Worker-34: Download sources and javadoc] INFO  o.e.m.j.internal.DownloadSourcesJob - Downloaded sources for org.springframework.boot:spring-boot-autoconfigure:4.0.8-SNAPSHOT
2026-07-16 17:41:45,280 [Worker-34: Download sources and javadoc] INFO  o.e.m.c.i.e.AbstractTransferListenerAdapter - Downloading https://repo.spring.io/snapshot/org/springframework/boot/spring-boot-thymeleaf/4.0.8-SNAPSHOT/spring-boot-thymeleaf-4.0.8-20260716.091733-41-sources.jar
2026-07-16 17:41:45,514 [Worker-34: Download sources and javadoc] INFO  o.e.m.c.i.e.AbstractTransferListenerAdapter - Downloaded https://repo.spring.io/snapshot/org/springframework/boot/spring-boot-thymeleaf/4.0.8-SNAPSHOT/spring-boot-thymeleaf-4.0.8-20260716.091733-41-sources.jar
2026-07-16 17:41:45,520 [Worker-34: Download sources and javadoc] INFO  o.e.m.j.internal.DownloadSourcesJob - Downloaded sources for org.springframework.boot:spring-boot-thymeleaf:4.0.8-SNAPSHOT
2026-07-16 17:41:47,282 [Worker-34: Download sources and javadoc] INFO  o.e.m.c.i.e.AbstractTransferListenerAdapter - Downloading https://repo.spring.io/snapshot/org/springframework/boot/spring-boot/4.0.8-SNAPSHOT/spring-boot-4.0.8-20260716.091733-41-sources.jar
2026-07-16 17:41:49,141 [Worker-34: Download sources and javadoc] INFO  o.e.m.c.i.e.AbstractTransferListenerAdapter - Downloaded https://repo.spring.io/snapshot/org/springframework/boot/spring-boot/4.0.8-SNAPSHOT/spring-boot-4.0.8-20260716.091733-41-sources.jar
2026-07-16 17:41:49,149 [Worker-34: Download sources and javadoc] INFO  o.e.m.j.internal.DownloadSourcesJob - Downloaded sources for org.springframework.boot:spring-boot:4.0.8-SNAPSHOT
2026-07-16 17:41:50,044 [Worker-34: Download sources and javadoc] INFO  o.e.m.c.i.e.AbstractTransferListenerAdapter - Downloading https://repo.spring.io/snapshot/org/springframework/boot/spring-boot-starter-webmvc/4.0.8-SNAPSHOT/spring-boot-starter-webmvc-4.0.8-20260716.091733-41-sources.jar
2026-07-16 17:41:50,048 [Worker-34: Download sources and javadoc] INFO  o.e.m.c.i.e.AbstractTransferListenerAdapter - Downloaded https://repo.spring.io/snapshot/org/springframework/boot/spring-boot-starter-webmvc/4.0.8-SNAPSHOT/spring-boot-starter-webmvc-4.0.8-20260716.091733-41-sources.jar
2026-07-16 17:41:50,053 [Worker-34: Download sources and javadoc] INFO  o.e.m.j.internal.DownloadSourcesJob - Downloaded sources for org.springframework.boot:spring-boot-starter-webmvc:4.0.8-SNAPSHOT
2026-07-16 17:41:50,741 [Worker-34: Download sources and javadoc] INFO  o.e.m.c.i.e.AbstractTransferListenerAdapter - Downloading https://repo.spring.io/snapshot/org/springframework/boot/spring-boot-starter-jackson/4.0.8-SNAPSHOT/spring-boot-starter-jackson-4.0.8-20260716.091733-41-sources.jar
2026-07-16 17:41:50,745 [Worker-34: Download sources and javadoc] INFO  o.e.m.c.i.e.AbstractTransferListenerAdapter - Downloaded https://repo.spring.io/snapshot/org/springframework/boot/spring-boot-starter-jackson/4.0.8-SNAPSHOT/spring-boot-starter-jackson-4.0.8-20260716.091733-41-sources.jar
2026-07-16 17:41:50,750 [Worker-34: Download sources and javadoc] INFO  o.e.m.j.internal.DownloadSourcesJob - Downloaded sources for org.springframework.boot:spring-boot-starter-jackson:4.0.8-SNAPSHOT
2026-07-16 17:41:51,668 [Worker-34: Download sources and javadoc] INFO  o.e.m.c.i.e.AbstractTransferListenerAdapter - Downloading https://repo.spring.io/snapshot/org/springframework/boot/spring-boot-jackson/4.0.8-SNAPSHOT/spring-boot-jackson-4.0.8-20260716.091733-41-sources.jar
2026-07-16 17:41:51,898 [Worker-34: Download sources and javadoc] INFO  o.e.m.c.i.e.AbstractTransferListenerAdapter - Downloaded https://repo.spring.io/snapshot/org/springframework/boot/spring-boot-jackson/4.0.8-SNAPSHOT/spring-boot-jackson-4.0.8-20260716.091733-41-sources.jar
2026-07-16 17:41:51,904 [Worker-34: Download sources and javadoc] INFO  o.e.m.j.internal.DownloadSourcesJob - Downloaded sources for org.springframework.boot:spring-boot-jackson:4.0.8-SNAPSHOT
2026-07-16 17:41:52,840 [Worker-34: Download sources and javadoc] INFO  o.e.m.c.i.e.AbstractTransferListenerAdapter - Downloading https://repo.spring.io/snapshot/org/springframework/boot/spring-boot-starter-tomcat/4.0.8-SNAPSHOT/spring-boot-starter-tomcat-4.0.8-20260716.091733-41-sources.jar
2026-07-16 17:41:52,845 [Worker-34: Download sources and javadoc] INFO  o.e.m.c.i.e.AbstractTransferListenerAdapter - Downloaded https://repo.spring.io/snapshot/org/springframework/boot/spring-boot-starter-tomcat/4.0.8-SNAPSHOT/spring-boot-starter-tomcat-4.0.8-20260716.091733-41-sources.jar
2026-07-16 17:41:52,851 [Worker-34: Download sources and javadoc] INFO  o.e.m.j.internal.DownloadSourcesJob - Downloaded sources for org.springframework.boot:spring-boot-starter-tomcat:4.0.8-SNAPSHOT
2026-07-16 17:41:53,528 [Worker-34: Download sources and javadoc] INFO  o.e.m.c.i.e.AbstractTransferListenerAdapter - Downloading https://repo.spring.io/snapshot/org/springframework/boot/spring-boot-starter-tomcat-runtime/4.0.8-SNAPSHOT/spring-boot-starter-tomcat-runtime-4.0.8-20260716.091733-41-sources.jar
2026-07-16 17:41:53,532 [Worker-34: Download sources and javadoc] INFO  o.e.m.c.i.e.AbstractTransferListenerAdapter - Downloaded https://repo.spring.io/snapshot/org/springframework/boot/spring-boot-starter-tomcat-runtime/4.0.8-SNAPSHOT/spring-boot-starter-tomcat-runtime-4.0.8-20260716.091733-41-sources.jar
2026-07-16 17:41:53,537 [Worker-34: Download sources and javadoc] INFO  o.e.m.j.internal.DownloadSourcesJob - Downloaded sources for org.springframework.boot:spring-boot-starter-tomcat-runtime:4.0.8-SNAPSHOT
2026-07-16 17:41:54,463 [Worker-34: Download sources and javadoc] INFO  o.e.m.c.i.e.AbstractTransferListenerAdapter - Downloading https://repo.spring.io/snapshot/org/springframework/boot/spring-boot-tomcat/4.0.8-SNAPSHOT/spring-boot-tomcat-4.0.8-20260716.091733-41-sources.jar
2026-07-16 17:41:54,919 [Worker-34: Download sources and javadoc] INFO  o.e.m.c.i.e.AbstractTransferListenerAdapter - Downloaded https://repo.spring.io/snapshot/org/springframework/boot/spring-boot-tomcat/4.0.8-SNAPSHOT/spring-boot-tomcat-4.0.8-20260716.091733-41-sources.jar
2026-07-16 17:41:54,924 [Worker-34: Download sources and javadoc] INFO  o.e.m.j.internal.DownloadSourcesJob - Downloaded sources for org.springframework.boot:spring-boot-tomcat:4.0.8-SNAPSHOT
2026-07-16 17:41:55,845 [Worker-34: Download sources and javadoc] INFO  o.e.m.c.i.e.AbstractTransferListenerAdapter - Downloading https://repo.spring.io/snapshot/org/springframework/boot/spring-boot-http-converter/4.0.8-SNAPSHOT/spring-boot-http-converter-4.0.8-20260716.091733-41-sources.jar
2026-07-16 17:41:56,083 [Worker-34: Download sources and javadoc] INFO  o.e.m.c.i.e.AbstractTransferListenerAdapter - Downloaded https://repo.spring.io/snapshot/org/springframework/boot/spring-boot-http-converter/4.0.8-SNAPSHOT/spring-boot-http-converter-4.0.8-20260716.091733-41-sources.jar
2026-07-16 17:41:56,088 [Worker-34: Download sources and javadoc] INFO  o.e.m.j.internal.DownloadSourcesJob - Downloaded sources for org.springframework.boot:spring-boot-http-converter:4.0.8-SNAPSHOT
2026-07-16 17:41:57,022 [Worker-34: Download sources and javadoc] INFO  o.e.m.c.i.e.AbstractTransferListenerAdapter - Downloading https://repo.spring.io/snapshot/org/springframework/boot/spring-boot-webmvc/4.0.8-SNAPSHOT/spring-boot-webmvc-4.0.8-20260716.091733-41-sources.jar
2026-07-16 17:41:57,482 [Worker-34: Download sources and javadoc] INFO  o.e.m.c.i.e.AbstractTransferListenerAdapter - Downloaded https://repo.spring.io/snapshot/org/springframework/boot/spring-boot-webmvc/4.0.8-SNAPSHOT/spring-boot-webmvc-4.0.8-20260716.091733-41-sources.jar
2026-07-16 17:41:57,487 [Worker-34: Download sources and javadoc] INFO  o.e.m.j.internal.DownloadSourcesJob - Downloaded sources for org.springframework.boot:spring-boot-webmvc:4.0.8-SNAPSHOT
2026-07-16 17:41:58,384 [Worker-34: Download sources and javadoc] INFO  o.e.m.c.i.e.AbstractTransferListenerAdapter - Downloading https://repo.spring.io/snapshot/org/springframework/boot/spring-boot-servlet/4.0.8-SNAPSHOT/spring-boot-servlet-4.0.8-20260716.091733-41-sources.jar
2026-07-16 17:41:58,823 [Worker-34: Download sources and javadoc] INFO  o.e.m.c.i.e.AbstractTransferListenerAdapter - Downloaded https://repo.spring.io/snapshot/org/springframework/boot/spring-boot-servlet/4.0.8-SNAPSHOT/spring-boot-servlet-4.0.8-20260716.091733-41-sources.jar
2026-07-16 17:41:58,829 [Worker-34: Download sources and javadoc] INFO  o.e.m.j.internal.DownloadSourcesJob - Downloaded sources for org.springframework.boot:spring-boot-servlet:4.0.8-SNAPSHOT
2026-07-16 17:41:59,499 [Worker-34: Download sources and javadoc] INFO  o.e.m.c.i.e.AbstractTransferListenerAdapter - Downloading https://repo.spring.io/snapshot/org/springframework/boot/spring-boot-starter-thymeleaf-test/4.0.8-SNAPSHOT/spring-boot-starter-thymeleaf-test-4.0.8-20260716.091733-41-sources.jar
2026-07-16 17:41:59,503 [Worker-34: Download sources and javadoc] INFO  o.e.m.c.i.e.AbstractTransferListenerAdapter - Downloaded https://repo.spring.io/snapshot/org/springframework/boot/spring-boot-starter-thymeleaf-test/4.0.8-SNAPSHOT/spring-boot-starter-thymeleaf-test-4.0.8-20260716.091733-41-sources.jar
2026-07-16 17:41:59,507 [Worker-34: Download sources and javadoc] INFO  o.e.m.j.internal.DownloadSourcesJob - Downloaded sources for org.springframework.boot:spring-boot-starter-thymeleaf-test:4.0.8-SNAPSHOT
2026-07-16 17:42:00,433 [Worker-34: Download sources and javadoc] INFO  o.e.m.c.i.e.AbstractTransferListenerAdapter - Downloading https://repo.spring.io/snapshot/org/springframework/boot/spring-boot-starter-test/4.0.8-SNAPSHOT/spring-boot-starter-test-4.0.8-20260716.091733-41-sources.jar
2026-07-16 17:42:00,437 [Worker-34: Download sources and javadoc] INFO  o.e.m.c.i.e.AbstractTransferListenerAdapter - Downloaded https://repo.spring.io/snapshot/org/springframework/boot/spring-boot-starter-test/4.0.8-SNAPSHOT/spring-boot-starter-test-4.0.8-20260716.091733-41-sources.jar
2026-07-16 17:42:00,442 [Worker-34: Download sources and javadoc] INFO  o.e.m.j.internal.DownloadSourcesJob - Downloaded sources for org.springframework.boot:spring-boot-starter-test:4.0.8-SNAPSHOT
2026-07-16 17:42:01,364 [Worker-34: Download sources and javadoc] INFO  o.e.m.c.i.e.AbstractTransferListenerAdapter - Downloading https://repo.spring.io/snapshot/org/springframework/boot/spring-boot-test/4.0.8-SNAPSHOT/spring-boot-test-4.0.8-20260716.091733-41-sources.jar
2026-07-16 17:42:02,036 [Worker-34: Download sources and javadoc] INFO  o.e.m.c.i.e.AbstractTransferListenerAdapter - Downloaded https://repo.spring.io/snapshot/org/springframework/boot/spring-boot-test/4.0.8-SNAPSHOT/spring-boot-test-4.0.8-20260716.091733-41-sources.jar
2026-07-16 17:42:02,042 [Worker-34: Download sources and javadoc] INFO  o.e.m.j.internal.DownloadSourcesJob - Downloaded sources for org.springframework.boot:spring-boot-test:4.0.8-SNAPSHOT
2026-07-16 17:42:02,746 [Worker-34: Download sources and javadoc] INFO  o.e.m.c.i.e.AbstractTransferListenerAdapter - Downloading https://repo.spring.io/snapshot/org/springframework/boot/spring-boot-test-autoconfigure/4.0.8-SNAPSHOT/spring-boot-test-autoconfigure-4.0.8-20260716.091733-41-sources.jar
2026-07-16 17:42:02,977 [Worker-34: Download sources and javadoc] INFO  o.e.m.c.i.e.AbstractTransferListenerAdapter - Downloaded https://repo.spring.io/snapshot/org/springframework/boot/spring-boot-test-autoconfigure/4.0.8-SNAPSHOT/spring-boot-test-autoconfigure-4.0.8-20260716.091733-41-sources.jar
2026-07-16 17:42:02,981 [Worker-34: Download sources and javadoc] INFO  o.e.m.j.internal.DownloadSourcesJob - Downloaded sources for org.springframework.boot:spring-boot-test-autoconfigure:4.0.8-SNAPSHOT
2026-07-16 17:42:03,863 [Worker-34: Download sources and javadoc] INFO  o.e.m.c.i.e.AbstractTransferListenerAdapter - Downloading https://repo.spring.io/snapshot/org/springframework/boot/spring-boot-starter-webmvc-test/4.0.8-SNAPSHOT/spring-boot-starter-webmvc-test-4.0.8-20260716.091733-41-sources.jar
2026-07-16 17:42:03,870 [Worker-34: Download sources and javadoc] INFO  o.e.m.c.i.e.AbstractTransferListenerAdapter - Downloaded https://repo.spring.io/snapshot/org/springframework/boot/spring-boot-starter-webmvc-test/4.0.8-SNAPSHOT/spring-boot-starter-webmvc-test-4.0.8-20260716.091733-41-sources.jar
2026-07-16 17:42:03,874 [Worker-34: Download sources and javadoc] INFO  o.e.m.j.internal.DownloadSourcesJob - Downloaded sources for org.springframework.boot:spring-boot-starter-webmvc-test:4.0.8-SNAPSHOT
2026-07-16 17:42:04,515 [Worker-34: Download sources and javadoc] INFO  o.e.m.c.i.e.AbstractTransferListenerAdapter - Downloading https://repo.spring.io/snapshot/org/springframework/boot/spring-boot-starter-jackson-test/4.0.8-SNAPSHOT/spring-boot-starter-jackson-test-4.0.8-20260716.091733-41-sources.jar
2026-07-16 17:42:04,519 [Worker-34: Download sources and javadoc] INFO  o.e.m.c.i.e.AbstractTransferListenerAdapter - Downloaded https://repo.spring.io/snapshot/org/springframework/boot/spring-boot-starter-jackson-test/4.0.8-SNAPSHOT/spring-boot-starter-jackson-test-4.0.8-20260716.091733-41-sources.jar
2026-07-16 17:42:04,524 [Worker-34: Download sources and javadoc] INFO  o.e.m.j.internal.DownloadSourcesJob - Downloaded sources for org.springframework.boot:spring-boot-starter-jackson-test:4.0.8-SNAPSHOT
2026-07-16 17:42:05,463 [Worker-34: Download sources and javadoc] INFO  o.e.m.c.i.e.AbstractTransferListenerAdapter - Downloading https://repo.spring.io/snapshot/org/springframework/boot/spring-boot-webmvc-test/4.0.8-SNAPSHOT/spring-boot-webmvc-test-4.0.8-20260716.091733-41-sources.jar
2026-07-16 17:42:05,694 [Worker-34: Download sources and javadoc] INFO  o.e.m.c.i.e.AbstractTransferListenerAdapter - Downloaded https://repo.spring.io/snapshot/org/springframework/boot/spring-boot-webmvc-test/4.0.8-SNAPSHOT/spring-boot-webmvc-test-4.0.8-20260716.091733-41-sources.jar
2026-07-16 17:42:05,699 [Worker-34: Download sources and javadoc] INFO  o.e.m.j.internal.DownloadSourcesJob - Downloaded sources for org.springframework.boot:spring-boot-webmvc-test:4.0.8-SNAPSHOT
2026-07-16 17:42:06,352 [Worker-34: Download sources and javadoc] INFO  o.e.m.c.i.e.AbstractTransferListenerAdapter - Downloading https://repo.spring.io/snapshot/org/springframework/boot/spring-boot-web-server/4.0.8-SNAPSHOT/spring-boot-web-server-4.0.8-20260716.091733-41-sources.jar
2026-07-16 17:42:06,990 [Worker-34: Download sources and javadoc] INFO  o.e.m.c.i.e.AbstractTransferListenerAdapter - Downloaded https://repo.spring.io/snapshot/org/springframework/boot/spring-boot-web-server/4.0.8-SNAPSHOT/spring-boot-web-server-4.0.8-20260716.091733-41-sources.jar
2026-07-16 17:42:06,996 [Worker-34: Download sources and javadoc] INFO  o.e.m.j.internal.DownloadSourcesJob - Downloaded sources for org.springframework.boot:spring-boot-web-server:4.0.8-SNAPSHOT
2026-07-16 17:42:07,885 [Worker-34: Download sources and javadoc] INFO  o.e.m.c.i.e.AbstractTransferListenerAdapter - Downloading https://repo.spring.io/snapshot/org/springframework/boot/spring-boot-resttestclient/4.0.8-SNAPSHOT/spring-boot-resttestclient-4.0.8-20260716.091733-41-sources.jar
2026-07-16 17:42:08,105 [Worker-34: Download sources and javadoc] INFO  o.e.m.c.i.e.AbstractTransferListenerAdapter - Downloaded https://repo.spring.io/snapshot/org/springframework/boot/spring-boot-resttestclient/4.0.8-SNAPSHOT/spring-boot-resttestclient-4.0.8-20260716.091733-41-sources.jar
2026-07-16 17:42:08,109 [Worker-34: Download sources and javadoc] INFO  o.e.m.j.internal.DownloadSourcesJob - Downloaded sources for org.springframework.boot:spring-boot-resttestclient:4.0.8-SNAPSHOT
2026-07-16 17:43:15,652 [Worker-31: Building] INFO  o.a.m.s.f.DefaultMavenResourcesFiltering - Copying 1 resource from src\main\resources to target\classes
2026-07-16 17:43:15,667 [Worker-31: Building] INFO  o.a.m.s.f.DefaultMavenResourcesFiltering - Copying 0 resource from src\main\resources to target\classes
2026-07-16 17:43:15,674 [Worker-31: Building] INFO  o.a.m.s.f.DefaultMavenResourcesFiltering - skip non existing resourceDirectory C:\Users\sarve\Downloads\Demo\Student_Details\src\test\resources
2026-07-16 17:43:15,682 [Worker-31: Building] WARN  o.apache.maven.project.MavenProject - Direct modification of compileSourceRoots through clear() is deprecated and will not work in Maven 4.0.0. Please use the add/remove methods instead. If you're using a plugin that causes this warning, please upgrade to the latest version and report an issue if the warning persists. To disable these warnings, set -Dmaven.project.sourceRoots.warningsDisabled=true on the command line, in the .mvn/maven.config file, or in project POM properties.
2026-07-16 17:43:15,682 [Worker-31: Building] WARN  o.apache.maven.project.MavenProject - Direct modification of compileSourceRoots through add() is deprecated and will not work in Maven 4.0.0. Please use the add/remove methods instead. If you're using a plugin that causes this warning, please upgrade to the latest version and report an issue if the warning persists. To disable these warnings, set -Dmaven.project.sourceRoots.warningsDisabled=true on the command line, in the .mvn/maven.config file, or in project POM properties.
2026-07-16 17:43:15,684 [Worker-31: Building] WARN  o.apache.maven.project.MavenProject - Direct modification of testCompileSourceRoots through clear() is deprecated and will not work in Maven 4.0.0. Please use the add/remove methods instead. If you're using a plugin that causes this warning, please upgrade to the latest version and report an issue if the warning persists. To disable these warnings, set -Dmaven.project.sourceRoots.warningsDisabled=true on the command line, in the .mvn/maven.config file, or in project POM properties.
2026-07-16 17:43:15,685 [Worker-31: Building] WARN  o.apache.maven.project.MavenProject - Direct modification of testCompileSourceRoots through add() is deprecated and will not work in Maven 4.0.0. Please use the add/remove methods instead. If you're using a plugin that causes this warning, please upgrade to the latest version and report an issue if the warning persists. To disable these warnings, set -Dmaven.project.sourceRoots.warningsDisabled=true on the command line, in the .mvn/maven.config file, or in project POM properties.
2026-07-16 17:46:12,612 [Worker-31: Building] INFO  o.a.m.s.f.DefaultMavenResourcesFiltering - Copying 0 resource from src\main\resources to target\classes
2026-07-16 17:46:12,616 [Worker-31: Building] INFO  o.a.m.s.f.DefaultMavenResourcesFiltering - Copying 1 resource from src\main\resources to target\classes
2026-07-16 17:46:12,621 [Worker-31: Building] INFO  o.a.m.s.f.DefaultMavenResourcesFiltering - skip non existing resourceDirectory C:\Users\sarve\Downloads\Demo\Student_Details\src\test\resources
2026-07-16 17:46:12,621 [Worker-31: Building] WARN  o.apache.maven.project.MavenProject - Direct modification of compileSourceRoots through clear() is deprecated and will not work in Maven 4.0.0. Please use the add/remove methods instead. If you're using a plugin that causes this warning, please upgrade to the latest version and report an issue if the warning persists. To disable these warnings, set -Dmaven.project.sourceRoots.warningsDisabled=true on the command line, in the .mvn/maven.config file, or in project POM properties.
2026-07-16 17:46:12,622 [Worker-31: Building] WARN  o.apache.maven.project.MavenProject - Direct modification of compileSourceRoots through add() is deprecated and will not work in Maven 4.0.0. Please use the add/remove methods instead. If you're using a plugin that causes this warning, please upgrade to the latest version and report an issue if the warning persists. To disable these warnings, set -Dmaven.project.sourceRoots.warningsDisabled=true on the command line, in the .mvn/maven.config file, or in project POM properties.
2026-07-16 17:46:12,622 [Worker-31: Building] WARN  o.apache.maven.project.MavenProject - Direct modification of testCompileSourceRoots through clear() is deprecated and will not work in Maven 4.0.0. Please use the add/remove methods instead. If you're using a plugin that causes this warning, please upgrade to the latest version and report an issue if the warning persists. To disable these warnings, set -Dmaven.project.sourceRoots.warningsDisabled=true on the command line, in the .mvn/maven.config file, or in project POM properties.
2026-07-16 17:46:12,623 [Worker-31: Building] WARN  o.apache.maven.project.MavenProject - Direct modification of testCompileSourceRoots through add() is deprecated and will not work in Maven 4.0.0. Please use the add/remove methods instead. If you're using a plugin that causes this warning, please upgrade to the latest version and report an issue if the warning persists. To disable these warnings, set -Dmaven.project.sourceRoots.warningsDisabled=true on the command line, in the .mvn/maven.config file, or in project POM properties.
2026-07-16 17:46:56,572 [Worker-31: Building] INFO  o.a.m.s.f.DefaultMavenResourcesFiltering - Copying 0 resource from src\main\resources to target\classes
2026-07-16 17:46:56,573 [Worker-31: Building] INFO  o.a.m.s.f.DefaultMavenResourcesFiltering - Copying 1 resource from src\main\resources to target\classes
2026-07-16 17:46:56,577 [Worker-31: Building] INFO  o.a.m.s.f.DefaultMavenResourcesFiltering - skip non existing resourceDirectory C:\Users\sarve\Downloads\Demo\Student_Details\src\test\resources
2026-07-16 17:46:56,578 [Worker-31: Building] WARN  o.apache.maven.project.MavenProject - Direct modification of compileSourceRoots through clear() is deprecated and will not work in Maven 4.0.0. Please use the add/remove methods instead. If you're using a plugin that causes this warning, please upgrade to the latest version and report an issue if the warning persists. To disable these warnings, set -Dmaven.project.sourceRoots.warningsDisabled=true on the command line, in the .mvn/maven.config file, or in project POM properties.
2026-07-16 17:46:56,579 [Worker-31: Building] WARN  o.apache.maven.project.MavenProject - Direct modification of compileSourceRoots through add() is deprecated and will not work in Maven 4.0.0. Please use the add/remove methods instead. If you're using a plugin that causes this warning, please upgrade to the latest version and report an issue if the warning persists. To disable these warnings, set -Dmaven.project.sourceRoots.warningsDisabled=true on the command line, in the .mvn/maven.config file, or in project POM properties.
2026-07-16 17:46:56,579 [Worker-31: Building] WARN  o.apache.maven.project.MavenProject - Direct modification of testCompileSourceRoots through clear() is deprecated and will not work in Maven 4.0.0. Please use the add/remove methods instead. If you're using a plugin that causes this warning, please upgrade to the latest version and report an issue if the warning persists. To disable these warnings, set -Dmaven.project.sourceRoots.warningsDisabled=true on the command line, in the .mvn/maven.config file, or in project POM properties.
2026-07-16 17:46:56,580 [Worker-31: Building] WARN  o.apache.maven.project.MavenProject - Direct modification of testCompileSourceRoots through add() is deprecated and will not work in Maven 4.0.0. Please use the add/remove methods instead. If you're using a plugin that causes this warning, please upgrade to the latest version and report an issue if the warning persists. To disable these warnings, set -Dmaven.project.sourceRoots.warningsDisabled=true on the command line, in the .mvn/maven.config file, or in project POM properties.
2026-07-16 17:47:32,578 [Worker-33: Launching Student_Details - StudentDetailsApplication] INFO  o.a.m.s.f.DefaultMavenResourcesFiltering - Copying 1 resource from src\main\resources to target\classes
2026-07-16 17:47:32,588 [Worker-33: Launching Student_Details - StudentDetailsApplication] INFO  o.a.m.s.f.DefaultMavenResourcesFiltering - Copying 2 resources from src\main\resources to target\classes
2026-07-16 17:47:32,596 [Worker-33: Launching Student_Details - StudentDetailsApplication] INFO  o.a.m.s.f.DefaultMavenResourcesFiltering - skip non existing resourceDirectory C:\Users\sarve\Downloads\Demo\Student_Details\src\test\resources
2026-07-16 17:47:32,597 [Worker-33: Launching Student_Details - StudentDetailsApplication] WARN  o.apache.maven.project.MavenProject - Direct modification of compileSourceRoots through clear() is deprecated and will not work in Maven 4.0.0. Please use the add/remove methods instead. If you're using a plugin that causes this warning, please upgrade to the latest version and report an issue if the warning persists. To disable these warnings, set -Dmaven.project.sourceRoots.warningsDisabled=true on the command line, in the .mvn/maven.config file, or in project POM properties.
2026-07-16 17:47:32,598 [Worker-33: Launching Student_Details - StudentDetailsApplication] WARN  o.apache.maven.project.MavenProject - Direct modification of compileSourceRoots through add() is deprecated and will not work in Maven 4.0.0. Please use the add/remove methods instead. If you're using a plugin that causes this warning, please upgrade to the latest version and report an issue if the warning persists. To disable these warnings, set -Dmaven.project.sourceRoots.warningsDisabled=true on the command line, in the .mvn/maven.config file, or in project POM properties.
2026-07-16 17:47:32,599 [Worker-33: Launching Student_Details - StudentDetailsApplication] WARN  o.apache.maven.project.MavenProject - Direct modification of testCompileSourceRoots through clear() is deprecated and will not work in Maven 4.0.0. Please use the add/remove methods instead. If you're using a plugin that causes this warning, please upgrade to the latest version and report an issue if the warning persists. To disable these warnings, set -Dmaven.project.sourceRoots.warningsDisabled=true on the command line, in the .mvn/maven.config file, or in project POM properties.
2026-07-16 17:47:32,600 [Worker-33: Launching Student_Details - StudentDetailsApplication] WARN  o.apache.maven.project.MavenProject - Direct modification of testCompileSourceRoots through add() is deprecated and will not work in Maven 4.0.0. Please use the add/remove methods instead. If you're using a plugin that causes this warning, please upgrade to the latest version and report an issue if the warning persists. To disable these warnings, set -Dmaven.project.sourceRoots.warningsDisabled=true on the command line, in the .mvn/maven.config file, or in project POM properties.
